0 info it worked if it ends with ok
1 verbose cli [ 'node', '/usr/bin/npm', 'install', '-g', 'underscorejs' ]
2 info using npm@1.3.25
3 info using node@v0.10.25
4 verbose node symlink /usr/bin/node
5 verbose cache add [ 'underscorejs', null ]
6 verbose cache add name=undefined spec="underscorejs" args=["underscorejs",null]
7 verbose parsed url { protocol: null,
7 verbose parsed url   slashes: null,
7 verbose parsed url   auth: null,
7 verbose parsed url   host: null,
7 verbose parsed url   port: null,
7 verbose parsed url   hostname: null,
7 verbose parsed url   hash: null,
7 verbose parsed url   search: null,
7 verbose parsed url   query: null,
7 verbose parsed url   pathname: 'underscorejs',
7 verbose parsed url   path: 'underscorejs',
7 verbose parsed url   href: 'underscorejs' }
8 silly lockFile 77814e2b-underscorejs underscorejs
9 verbose lock underscorejs /home/xc/.npm/77814e2b-underscorejs.lock
10 silly lockFile 77814e2b-underscorejs underscorejs
11 silly lockFile 77814e2b-underscorejs underscorejs
12 verbose addNamed [ 'underscorejs', '' ]
13 verbose addNamed [ null, '*' ]
14 silly lockFile 3b39d02b-underscorejs underscorejs@
15 verbose lock underscorejs@ /home/xc/.npm/3b39d02b-underscorejs.lock
16 silly addNameRange { name: 'underscorejs', range: '*', hasData: false }
17 verbose url raw underscorejs
18 verbose url resolving [ 'https://registry.npmjs.org/', './underscorejs' ]
19 verbose url resolved https://registry.npmjs.org/underscorejs
20 info trying registry request attempt 1 at 17:42:20
21 http GET https://registry.npmjs.org/underscorejs
22 info retry will retry, error on last attempt: Error: getaddrinfo ENOTFOUND
23 info trying registry request attempt 2 at 17:42:34
24 http GET https://registry.npmjs.org/underscorejs
25 info retry will retry, error on last attempt: Error: getaddrinfo ENOTFOUND
26 info trying registry request attempt 3 at 17:43:34
27 http GET https://registry.npmjs.org/underscorejs
28 http 404 https://registry.npmjs.org/underscorejs
29 silly registry.get cb [ 404,
29 silly registry.get   { date: 'Thu, 03 Apr 2014 09:43:35 GMT',
29 silly registry.get     server: 'CouchDB/1.5.0 (Erlang OTP/R16B)',
29 silly registry.get     'content-type': 'application/json',
29 silly registry.get     via: '1.1 varnish',
29 silly registry.get     'cache-control': 'max-age=0',
29 silly registry.get     'content-length': '52',
29 silly registry.get     'accept-ranges': 'bytes',
29 silly registry.get     age: '0',
29 silly registry.get     'x-served-by': 'cache-v43-ASH, cache-ty67-TYO',
29 silly registry.get     'x-cache': 'MISS, MISS',
29 silly registry.get     'x-cache-hits': '0, 0',
29 silly registry.get     'x-timer': 'S1396518215.373991251,VS0,VS89,VE110,VE191',
29 silly registry.get     'keep-alive': 'timeout=10, max=50',
29 silly registry.get     connection: 'Keep-Alive' } ]
30 silly lockFile 3b39d02b-underscorejs underscorejs@
31 silly lockFile 3b39d02b-underscorejs underscorejs@
32 error 404 'underscorejs' is not in the npm registry.
32 error 404 You should bug the author to publish it
32 error 404
32 error 404 Note that you can also install from a
32 error 404 tarball, folder, or http url, or git url.
33 error System Linux 3.11.0-19-generic
34 error command "node" "/usr/bin/npm" "install" "-g" "underscorejs"
35 error cwd /home/xc/work/yaza-env/yaza/yaza
36 error node -v v0.10.25
37 error npm -v 1.3.25
38 error code E404
39 verbose exit [ 1, true ]
